This is pdfTeX, Version 3.14159265-2.6-1.40.16 (TeX Live 2015/Debian) (preloaded format=pdflatex 2016.3.21)  4 OCT 2016 22:15
entering extended mode
 restricted \write18 enabled.
 %&-line parsing enabled.
**report.tex
(./report.tex
LaTeX2e <2015/01/01>
Babel <3.9l> and hyphenation patterns for 79 languages loaded.
(/usr/share/texlive/texmf-dist/tex/latex/base/article.cls
Document Class: article 2014/09/29 v1.4h Standard LaTeX document class
(/usr/share/texlive/texmf-dist/tex/latex/base/size10.clo
File: size10.clo 2014/09/29 v1.4h Standard LaTeX file (size option)
)
\c@part=\count79
\c@section=\count80
\c@subsection=\count81
\c@subsubsection=\count82
\c@paragraph=\count83
\c@subparagraph=\count84
\c@figure=\count85
\c@table=\count86
\abovecaptionskip=\skip41
\belowcaptionskip=\skip42
\bibindent=\dimen102
)
(/usr/share/texlive/texmf-dist/tex/latex/float/float.sty
Package: float 2001/11/08 v1.3d Float enhancements (AL)
\c@float@type=\count87
\float@exts=\toks14
\float@box=\box26
\@float@everytoks=\toks15
\@floatcapt=\box27
)
(/usr/share/texlive/texmf-dist/tex/latex/amsmath/amsmath.sty
Package: amsmath 2013/01/14 v2.14 AMS math features
\@mathmargin=\skip43

For additional information on amsmath, use the `?' option.
(/usr/share/texlive/texmf-dist/tex/latex/amsmath/amstext.sty
Package: amstext 2000/06/29 v2.01

(/usr/share/texlive/texmf-dist/tex/latex/amsmath/amsgen.sty
File: amsgen.sty 1999/11/30 v2.0
\@emptytoks=\toks16
\ex@=\dimen103
))
(/usr/share/texlive/texmf-dist/tex/latex/amsmath/amsbsy.sty
Package: amsbsy 1999/11/29 v1.2d
\pmbraise@=\dimen104
)
(/usr/share/texlive/texmf-dist/tex/latex/amsmath/amsopn.sty
Package: amsopn 1999/12/14 v2.01 operator names
)
\inf@bad=\count88
LaTeX Info: Redefining \frac on input line 210.
\uproot@=\count89
\leftroot@=\count90
LaTeX Info: Redefining \overline on input line 306.
\classnum@=\count91
\DOTSCASE@=\count92
LaTeX Info: Redefining \ldots on input line 378.
LaTeX Info: Redefining \dots on input line 381.
LaTeX Info: Redefining \cdots on input line 466.
\Mathstrutbox@=\box28
\strutbox@=\box29
\big@size=\dimen105
LaTeX Font Info:    Redeclaring font encoding OML on input line 566.
LaTeX Font Info:    Redeclaring font encoding OMS on input line 567.
\macc@depth=\count93
\c@MaxMatrixCols=\count94
\dotsspace@=\muskip10
\c@parentequation=\count95
\dspbrk@lvl=\count96
\tag@help=\toks17
\row@=\count97
\column@=\count98
\maxfields@=\count99
\andhelp@=\toks18
\eqnshift@=\dimen106
\alignsep@=\dimen107
\tagshift@=\dimen108
\tagwidth@=\dimen109
\totwidth@=\dimen110
\lineht@=\dimen111
\@envbody=\toks19
\multlinegap=\skip44
\multlinetaggap=\skip45
\mathdisplay@stack=\toks20
LaTeX Info: Redefining \[ on input line 2665.
LaTeX Info: Redefining \] on input line 2666.
)
(/usr/share/texlive/texmf-dist/tex/latex/paralist/paralist.sty
Package: paralist 2013/06/09 v2.4 Extended list environments
\pltopsep=\skip46
\plpartopsep=\skip47
\plitemsep=\skip48
\plparsep=\skip49
\pl@lab=\toks21
)
(/usr/share/texlive/texmf-dist/tex/latex/setspace/setspace.sty
Package: setspace 2011/12/19 v6.7a set line spacing
)
(/usr/share/texlive/texmf-dist/tex/latex/listings/listings.sty
(/usr/share/texlive/texmf-dist/tex/latex/graphics/keyval.sty
Package: keyval 2014/10/28 v1.15 key=value parser (DPC)
\KV@toks@=\toks22
)
\lst@mode=\count100
\lst@gtempboxa=\box30
\lst@token=\toks23
\lst@length=\count101
\lst@currlwidth=\dimen112
\lst@column=\count102
\lst@pos=\count103
\lst@lostspace=\dimen113
\lst@width=\dimen114
\lst@newlines=\count104
\lst@lineno=\count105
\lst@maxwidth=\dimen115

(/usr/share/texlive/texmf-dist/tex/latex/listings/lstmisc.sty
File: lstmisc.sty 2015/06/04 1.6 (Carsten Heinz)
\c@lstnumber=\count106
\lst@skipnumbers=\count107
\lst@framebox=\box31
)
(/usr/share/texlive/texmf-dist/tex/latex/listings/listings.cfg
File: listings.cfg 2015/06/04 1.6 listings configuration
))
Package: listings 2015/06/04 1.6 (Carsten Heinz)

(/usr/share/texlive/texmf-dist/tex/latex/graphics/graphicx.sty
Package: graphicx 2014/10/28 v1.0g Enhanced LaTeX Graphics (DPC,SPQR)

(/usr/share/texlive/texmf-dist/tex/latex/graphics/graphics.sty
Package: graphics 2014/10/28 v1.0p Standard LaTeX Graphics (DPC,SPQR)

(/usr/share/texlive/texmf-dist/tex/latex/graphics/trig.sty
Package: trig 1999/03/16 v1.09 sin cos tan (DPC)
)
(/usr/share/texlive/texmf-dist/tex/latex/latexconfig/graphics.cfg
File: graphics.cfg 2010/04/23 v1.9 graphics configuration of TeX Live
)
Package graphics Info: Driver file: pdftex.def on input line 94.

(/usr/share/texlive/texmf-dist/tex/latex/pdftex-def/pdftex.def
File: pdftex.def 2011/05/27 v0.06d Graphics/color for pdfTeX

(/usr/share/texlive/texmf-dist/tex/generic/oberdiek/infwarerr.sty
Package: infwarerr 2010/04/08 v1.3 Providing info/warning/error messages (HO)
)
(/usr/share/texlive/texmf-dist/tex/generic/oberdiek/ltxcmds.sty
Package: ltxcmds 2011/11/09 v1.22 LaTeX kernel commands for general use (HO)
)
\Gread@gobject=\count108
))
\Gin@req@height=\dimen116
\Gin@req@width=\dimen117
)
(/usr/share/texlive/texmf-dist/tex/generic/babel/babel.sty
Package: babel 2014/09/25 3.9l The Babel package

(/usr/share/texlive/texmf-dist/tex/generic/babel-english/english.ldf
Language: english 2012/08/20 v3.3p English support from the babel system

(/usr/share/texlive/texmf-dist/tex/generic/babel/babel.def
File: babel.def 2014/09/25 3.9l Babel common definitions
\babel@savecnt=\count109
\U@D=\dimen118
)
\l@canadian = a dialect from \language\l@american 
\l@australian = a dialect from \language\l@british 
\l@newzealand = a dialect from \language\l@british 
))
(/usr/share/texlive/texmf-dist/tex/latex/geometry/geometry.sty
Package: geometry 2010/09/12 v5.6 Page Geometry

(/usr/share/texlive/texmf-dist/tex/generic/oberdiek/ifpdf.sty
Package: ifpdf 2011/01/30 v2.3 Provides the ifpdf switch (HO)
Package ifpdf Info: pdfTeX in PDF mode is detected.
)
(/usr/share/texlive/texmf-dist/tex/generic/oberdiek/ifvtex.sty
Package: ifvtex 2010/03/01 v1.5 Detect VTeX and its facilities (HO)
Package ifvtex Info: VTeX not detected.
)
(/usr/share/texlive/texmf-dist/tex/generic/ifxetex/ifxetex.sty
Package: ifxetex 2010/09/12 v0.6 Provides ifxetex conditional
)
\Gm@cnth=\count110
\Gm@cntv=\count111
\c@Gm@tempcnt=\count112
\Gm@bindingoffset=\dimen119
\Gm@wd@mp=\dimen120
\Gm@odd@mp=\dimen121
\Gm@even@mp=\dimen122
\Gm@layoutwidth=\dimen123
\Gm@layoutheight=\dimen124
\Gm@layouthoffset=\dimen125
\Gm@layoutvoffset=\dimen126
\Gm@dimlist=\toks24
)
(/usr/share/texlive/texmf-dist/tex/latex/caption/subcaption.sty
Package: subcaption 2013/02/03 v1.1-62 Sub-captions (AR)

(/usr/share/texlive/texmf-dist/tex/latex/caption/caption.sty
Package: caption 2013/05/02 v3.3-89 Customizing captions (AR)

(/usr/share/texlive/texmf-dist/tex/latex/caption/caption3.sty
Package: caption3 2013/05/02 v1.6-88 caption3 kernel (AR)
Package caption3 Info: TeX engine: e-TeX on input line 57.
\captionmargin=\dimen127
\captionmargin@=\dimen128
\captionwidth=\dimen129
\caption@tempdima=\dimen130
\caption@indent=\dimen131
\caption@parindent=\dimen132
\caption@hangindent=\dimen133
)
\c@ContinuedFloat=\count113
Package caption Info: float package is loaded.
Package caption Info: listings package is loaded.
)
\c@subfigure=\count114
\c@subtable=\count115
)
(/usr/share/texlive/texmf-dist/tex/latex/base/inputenc.sty
Package: inputenc 2015/03/17 v1.2c Input encoding file
\inpenc@prehook=\toks25
\inpenc@posthook=\toks26

(/usr/share/texlive/texmf-dist/tex/latex/base/utf8.def
File: utf8.def 2014/09/29 v1.1m UTF-8 support for inputenc
Now handling font encoding OML ...
... no UTF-8 mapping file for font encoding OML
Now handling font encoding T1 ...
... processing UTF-8 mapping file for font encoding T1

(/usr/share/texlive/texmf-dist/tex/latex/base/t1enc.dfu
File: t1enc.dfu 2014/09/29 v1.1m UTF-8 support for inputenc
   defining Unicode char U+00A1 (decimal 161)
   defining Unicode char U+00A3 (decimal 163)
   defining Unicode char U+00AB (decimal 171)
   defining Unicode char U+00BB (decimal 187)
   defining Unicode char U+00BF (decimal 191)
   defining Unicode char U+00C0 (decimal 192)
   defining Unicode char U+00C1 (decimal 193)
   defining Unicode char U+00C2 (decimal 194)
   defining Unicode char U+00C3 (decimal 195)
   defining Unicode char U+00C4 (decimal 196)
   defining Unicode char U+00C5 (decimal 197)
   defining Unicode char U+00C6 (decimal 198)
   defining Unicode char U+00C7 (decimal 199)
   defining Unicode char U+00C8 (decimal 200)
   defining Unicode char U+00C9 (decimal 201)
   defining Unicode char U+00CA (decimal 202)
   defining Unicode char U+00CB (decimal 203)
   defining Unicode char U+00CC (decimal 204)
   defining Unicode char U+00CD (decimal 205)
   defining Unicode char U+00CE (decimal 206)
   defining Unicode char U+00CF (decimal 207)
   defining Unicode char U+00D0 (decimal 208)
   defining Unicode char U+00D1 (decimal 209)
   defining Unicode char U+00D2 (decimal 210)
   defining Unicode char U+00D3 (decimal 211)
   defining Unicode char U+00D4 (decimal 212)
   defining Unicode char U+00D5 (decimal 213)
   defining Unicode char U+00D6 (decimal 214)
   defining Unicode char U+00D8 (decimal 216)
   defining Unicode char U+00D9 (decimal 217)
   defining Unicode char U+00DA (decimal 218)
   defining Unicode char U+00DB (decimal 219)
   defining Unicode char U+00DC (decimal 220)
   defining Unicode char U+00DD (decimal 221)
   defining Unicode char U+00DE (decimal 222)
   defining Unicode char U+00DF (decimal 223)
   defining Unicode char U+00E0 (decimal 224)
   defining Unicode char U+00E1 (decimal 225)
   defining Unicode char U+00E2 (decimal 226)
   defining Unicode char U+00E3 (decimal 227)
   defining Unicode char U+00E4 (decimal 228)
   defining Unicode char U+00E5 (decimal 229)
   defining Unicode char U+00E6 (decimal 230)
   defining Unicode char U+00E7 (decimal 231)
   defining Unicode char U+00E8 (decimal 232)
   defining Unicode char U+00E9 (decimal 233)
   defining Unicode char U+00EA (decimal 234)
   defining Unicode char U+00EB (decimal 235)
   defining Unicode char U+00EC (decimal 236)
   defining Unicode char U+00ED (decimal 237)
   defining Unicode char U+00EE (decimal 238)
   defining Unicode char U+00EF (decimal 239)
   defining Unicode char U+00F0 (decimal 240)
   defining Unicode char U+00F1 (decimal 241)
   defining Unicode char U+00F2 (decimal 242)
   defining Unicode char U+00F3 (decimal 243)
   defining Unicode char U+00F4 (decimal 244)
   defining Unicode char U+00F5 (decimal 245)
   defining Unicode char U+00F6 (decimal 246)
   defining Unicode char U+00F8 (decimal 248)
   defining Unicode char U+00F9 (decimal 249)
   defining Unicode char U+00FA (decimal 250)
   defining Unicode char U+00FB (decimal 251)
   defining Unicode char U+00FC (decimal 252)
   defining Unicode char U+00FD (decimal 253)
   defining Unicode char U+00FE (decimal 254)
   defining Unicode char U+00FF (decimal 255)
   defining Unicode char U+0102 (decimal 258)
   defining Unicode char U+0103 (decimal 259)
   defining Unicode char U+0104 (decimal 260)
   defining Unicode char U+0105 (decimal 261)
   defining Unicode char U+0106 (decimal 262)
   defining Unicode char U+0107 (decimal 263)
   defining Unicode char U+010C (decimal 268)
   defining Unicode char U+010D (decimal 269)
   defining Unicode char U+010E (decimal 270)
   defining Unicode char U+010F (decimal 271)
   defining Unicode char U+0110 (decimal 272)
   defining Unicode char U+0111 (decimal 273)
   defining Unicode char U+0118 (decimal 280)
   defining Unicode char U+0119 (decimal 281)
   defining Unicode char U+011A (decimal 282)
   defining Unicode char U+011B (decimal 283)
   defining Unicode char U+011E (decimal 286)
   defining Unicode char U+011F (decimal 287)
   defining Unicode char U+0130 (decimal 304)
   defining Unicode char U+0131 (decimal 305)
   defining Unicode char U+0132 (decimal 306)
   defining Unicode char U+0133 (decimal 307)
   defining Unicode char U+0139 (decimal 313)
   defining Unicode char U+013A (decimal 314)
   defining Unicode char U+013D (decimal 317)
   defining Unicode char U+013E (decimal 318)
   defining Unicode char U+0141 (decimal 321)
   defining Unicode char U+0142 (decimal 322)
   defining Unicode char U+0143 (decimal 323)
   defining Unicode char U+0144 (decimal 324)
   defining Unicode char U+0147 (decimal 327)
   defining Unicode char U+0148 (decimal 328)
   defining Unicode char U+014A (decimal 330)
   defining Unicode char U+014B (decimal 331)
   defining Unicode char U+0150 (decimal 336)
   defining Unicode char U+0151 (decimal 337)
   defining Unicode char U+0152 (decimal 338)
   defining Unicode char U+0153 (decimal 339)
   defining Unicode char U+0154 (decimal 340)
   defining Unicode char U+0155 (decimal 341)
   defining Unicode char U+0158 (decimal 344)
   defining Unicode char U+0159 (decimal 345)
   defining Unicode char U+015A (decimal 346)
   defining Unicode char U+015B (decimal 347)
   defining Unicode char U+015E (decimal 350)
   defining Unicode char U+015F (decimal 351)
   defining Unicode char U+0160 (decimal 352)
   defining Unicode char U+0161 (decimal 353)
   defining Unicode char U+0162 (decimal 354)
   defining Unicode char U+0163 (decimal 355)
   defining Unicode char U+0164 (decimal 356)
   defining Unicode char U+0165 (decimal 357)
   defining Unicode char U+016E (decimal 366)
   defining Unicode char U+016F (decimal 367)
   defining Unicode char U+0170 (decimal 368)
   defining Unicode char U+0171 (decimal 369)
   defining Unicode char U+0178 (decimal 376)
   defining Unicode char U+0179 (decimal 377)
   defining Unicode char U+017A (decimal 378)
   defining Unicode char U+017B (decimal 379)
   defining Unicode char U+017C (decimal 380)
   defining Unicode char U+017D (decimal 381)
   defining Unicode char U+017E (decimal 382)
   defining Unicode char U+200C (decimal 8204)
   defining Unicode char U+2013 (decimal 8211)
   defining Unicode char U+2014 (decimal 8212)
   defining Unicode char U+2018 (decimal 8216)
   defining Unicode char U+2019 (decimal 8217)
   defining Unicode char U+201A (decimal 8218)
   defining Unicode char U+201C (decimal 8220)
   defining Unicode char U+201D (decimal 8221)
   defining Unicode char U+201E (decimal 8222)
   defining Unicode char U+2030 (decimal 8240)
   defining Unicode char U+2031 (decimal 8241)
   defining Unicode char U+2039 (decimal 8249)
   defining Unicode char U+203A (decimal 8250)
   defining Unicode char U+2423 (decimal 9251)
)
Now handling font encoding OT1 ...
... processing UTF-8 mapping file for font encoding OT1

(/usr/share/texlive/texmf-dist/tex/latex/base/ot1enc.dfu
File: ot1enc.dfu 2014/09/29 v1.1m UTF-8 support for inputenc
   defining Unicode char U+00A1 (decimal 161)
   defining Unicode char U+00A3 (decimal 163)
   defining Unicode char U+00B8 (decimal 184)
   defining Unicode char U+00BF (decimal 191)
   defining Unicode char U+00C5 (decimal 197)
   defining Unicode char U+00C6 (decimal 198)
   defining Unicode char U+00D8 (decimal 216)
   defining Unicode char U+00DF (decimal 223)
   defining Unicode char U+00E6 (decimal 230)
   defining Unicode char U+00EC (decimal 236)
   defining Unicode char U+00ED (decimal 237)
   defining Unicode char U+00EE (decimal 238)
   defining Unicode char U+00EF (decimal 239)
   defining Unicode char U+00F8 (decimal 248)
   defining Unicode char U+0131 (decimal 305)
   defining Unicode char U+0141 (decimal 321)
   defining Unicode char U+0142 (decimal 322)
   defining Unicode char U+0152 (decimal 338)
   defining Unicode char U+0153 (decimal 339)
   defining Unicode char U+2013 (decimal 8211)
   defining Unicode char U+2014 (decimal 8212)
   defining Unicode char U+2018 (decimal 8216)
   defining Unicode char U+2019 (decimal 8217)
   defining Unicode char U+201C (decimal 8220)
   defining Unicode char U+201D (decimal 8221)
)
Now handling font encoding OMS ...
... processing UTF-8 mapping file for font encoding OMS

(/usr/share/texlive/texmf-dist/tex/latex/base/omsenc.dfu
File: omsenc.dfu 2014/09/29 v1.1m UTF-8 support for inputenc
   defining Unicode char U+00A7 (decimal 167)
   defining Unicode char U+00B6 (decimal 182)
   defining Unicode char U+00B7 (decimal 183)
   defining Unicode char U+2020 (decimal 8224)
   defining Unicode char U+2021 (decimal 8225)
   defining Unicode char U+2022 (decimal 8226)
)
Now handling font encoding OMX ...
... no UTF-8 mapping file for font encoding OMX
Now handling font encoding U ...
... no UTF-8 mapping file for font encoding U
   defining Unicode char U+00A9 (decimal 169)
   defining Unicode char U+00AA (decimal 170)
   defining Unicode char U+00AE (decimal 174)
   defining Unicode char U+00BA (decimal 186)
   defining Unicode char U+02C6 (decimal 710)
   defining Unicode char U+02DC (decimal 732)
   defining Unicode char U+200C (decimal 8204)
   defining Unicode char U+2026 (decimal 8230)
   defining Unicode char U+2122 (decimal 8482)
   defining Unicode char U+2423 (decimal 9251)
))
(/usr/share/texlive/texmf-dist/tex/latex/graphics/color.sty
Package: color 2014/10/28 v1.1a Standard LaTeX Color (DPC)

(/usr/share/texlive/texmf-dist/tex/latex/latexconfig/color.cfg
File: color.cfg 2007/01/18 v1.5 color configuration of teTeX/TeXLive
)
Package color Info: Driver file: pdftex.def on input line 142.
)
(/usr/share/texlive/texmf-dist/tex/latex/hyperref/hyperref.sty
Package: hyperref 2012/11/06 v6.83m Hypertext links for LaTeX

(/usr/share/texlive/texmf-dist/tex/generic/oberdiek/hobsub-hyperref.sty
Package: hobsub-hyperref 2012/05/28 v1.13 Bundle oberdiek, subset hyperref (HO)


(/usr/share/texlive/texmf-dist/tex/generic/oberdiek/hobsub-generic.sty
Package: hobsub-generic 2012/05/28 v1.13 Bundle oberdiek, subset generic (HO)
Package: hobsub 2012/05/28 v1.13 Construct package bundles (HO)
Package hobsub Info: Skipping package `infwarerr' (already loaded).
Package hobsub Info: Skipping package `ltxcmds' (already loaded).
Package: ifluatex 2010/03/01 v1.3 Provides the ifluatex switch (HO)
Package ifluatex Info: LuaTeX not detected.
Package hobsub Info: Skipping package `ifvtex' (already loaded).
Package: intcalc 2007/09/27 v1.1 Expandable calculations with integers (HO)
Package hobsub Info: Skipping package `ifpdf' (already loaded).
Package: etexcmds 2011/02/16 v1.5 Avoid name clashes with e-TeX commands (HO)
Package etexcmds Info: Could not find \expanded.
(etexcmds)             That can mean that you are not using pdfTeX 1.50 or
(etexcmds)             that some package has redefined \expanded.
(etexcmds)             In the latter case, load this package earlier.
Package: kvsetkeys 2012/04/25 v1.16 Key value parser (HO)
Package: kvdefinekeys 2011/04/07 v1.3 Define keys (HO)
Package: pdftexcmds 2011/11/29 v0.20 Utility functions of pdfTeX for LuaTeX (HO
)
Package pdftexcmds Info: LuaTeX not detected.
Package pdftexcmds Info: \pdf@primitive is available.
Package pdftexcmds Info: \pdf@ifprimitive is available.
Package pdftexcmds Info: \pdfdraftmode found.
Package: pdfescape 2011/11/25 v1.13 Implements pdfTeX's escape features (HO)
Package: bigintcalc 2012/04/08 v1.3 Expandable calculations on big integers (HO
)
Package: bitset 2011/01/30 v1.1 Handle bit-vector datatype (HO)
Package: uniquecounter 2011/01/30 v1.2 Provide unlimited unique counter (HO)
)
Package hobsub Info: Skipping package `hobsub' (already loaded).
Package: letltxmacro 2010/09/02 v1.4 Let assignment for LaTeX macros (HO)
Package: hopatch 2012/05/28 v1.2 Wrapper for package hooks (HO)
Package: xcolor-patch 2011/01/30 xcolor patch
Package: atveryend 2011/06/30 v1.8 Hooks at the very end of document (HO)
Package atveryend Info: \enddocument detected (standard20110627).
Package: atbegshi 2011/10/05 v1.16 At begin shipout hook (HO)
Package: refcount 2011/10/16 v3.4 Data extraction from label references (HO)
Package: hycolor 2011/01/30 v1.7 Color options for hyperref/bookmark (HO)
)
(/usr/share/texlive/texmf-dist/tex/latex/oberdiek/auxhook.sty
Package: auxhook 2011/03/04 v1.3 Hooks for auxiliary files (HO)
)
(/usr/share/texlive/texmf-dist/tex/latex/oberdiek/kvoptions.sty
Package: kvoptions 2011/06/30 v3.11 Key value format for package options (HO)
)
\@linkdim=\dimen134
\Hy@linkcounter=\count116
\Hy@pagecounter=\count117

(/usr/share/texlive/texmf-dist/tex/latex/hyperref/pd1enc.def
File: pd1enc.def 2012/11/06 v6.83m Hyperref: PDFDocEncoding definition (HO)
Now handling font encoding PD1 ...
... no UTF-8 mapping file for font encoding PD1
)
\Hy@SavedSpaceFactor=\count118

(/usr/share/texlive/texmf-dist/tex/latex/latexconfig/hyperref.cfg
File: hyperref.cfg 2002/06/06 v1.2 hyperref configuration of TeXLive
)
Package hyperref Info: Hyper figures OFF on input line 4443.
Package hyperref Info: Link nesting OFF on input line 4448.
Package hyperref Info: Hyper index ON on input line 4451.
Package hyperref Info: Plain pages OFF on input line 4458.
Package hyperref Info: Backreferencing OFF on input line 4463.
Package hyperref Info: Implicit mode ON; LaTeX internals redefined.
Package hyperref Info: Bookmarks ON on input line 4688.
\c@Hy@tempcnt=\count119

(/usr/share/texlive/texmf-dist/tex/latex/url/url.sty
\Urlmuskip=\muskip11
Package: url 2013/09/16  ver 3.4  Verb mode for urls, etc.
)
LaTeX Info: Redefining \url on input line 5041.
\XeTeXLinkMargin=\dimen135
\Fld@menulength=\count120
\Field@Width=\dimen136
\Fld@charsize=\dimen137
Package hyperref Info: Hyper figures OFF on input line 6295.
Package hyperref Info: Link nesting OFF on input line 6300.
Package hyperref Info: Hyper index ON on input line 6303.
Package hyperref Info: backreferencing OFF on input line 6310.
Package hyperref Info: Link coloring OFF on input line 6315.
Package hyperref Info: Link coloring with OCG OFF on input line 6320.
Package hyperref Info: PDF/A mode OFF on input line 6325.
LaTeX Info: Redefining \ref on input line 6365.
LaTeX Info: Redefining \pageref on input line 6369.
\Hy@abspage=\count121
\c@Item=\count122
\c@Hfootnote=\count123
)

Package hyperref Message: Driver (autodetected): hpdftex.

(/usr/share/texlive/texmf-dist/tex/latex/hyperref/hpdftex.def
File: hpdftex.def 2012/11/06 v6.83m Hyperref driver for pdfTeX
\Fld@listcount=\count124
\c@bookmark@seq@number=\count125

(/usr/share/texlive/texmf-dist/tex/latex/oberdiek/rerunfilecheck.sty
Package: rerunfilecheck 2011/04/15 v1.7 Rerun checks for auxiliary files (HO)
Package uniquecounter Info: New unique counter `rerunfilecheck' on input line 2
82.
)
\Hy@SectionHShift=\skip50
)
(/usr/share/texlive/texmf-dist/tex/latex/eurosym/eurosym.sty
Package: eurosym 1998/08/06 v1.1 European currency symbol ``Euro''
\@eurobox=\box32
) (./report.aux)
\openout1 = `report.aux'.

LaTeX Font Info:    Checking defaults for OML/cmm/m/it on input line 20.
LaTeX Font Info:    ... okay on input line 20.
LaTeX Font Info:    Checking defaults for T1/cmr/m/n on input line 20.
LaTeX Font Info:    ... okay on input line 20.
LaTeX Font Info:    Checking defaults for OT1/cmr/m/n on input line 20.
LaTeX Font Info:    ... okay on input line 20.
LaTeX Font Info:    Checking defaults for OMS/cmsy/m/n on input line 20.
LaTeX Font Info:    ... okay on input line 20.
LaTeX Font Info:    Checking defaults for OMX/cmex/m/n on input line 20.
LaTeX Font Info:    ... okay on input line 20.
LaTeX Font Info:    Checking defaults for U/cmr/m/n on input line 20.
LaTeX Font Info:    ... okay on input line 20.
LaTeX Font Info:    Checking defaults for PD1/pdf/m/n on input line 20.
LaTeX Font Info:    ... okay on input line 20.
\c@lstlisting=\count126

(/usr/share/texlive/texmf-dist/tex/context/base/supp-pdf.mkii
[Loading MPS to PDF converter (version 2006.09.02).]
\scratchcounter=\count127
\scratchdimen=\dimen138
\scratchbox=\box33
\nofMPsegments=\count128
\nofMParguments=\count129
\everyMPshowfont=\toks27
\MPscratchCnt=\count130
\MPscratchDim=\dimen139
\MPnumerator=\count131
\makeMPintoPDFobject=\count132
\everyMPtoPDFconversion=\toks28
) (/usr/share/texlive/texmf-dist/tex/latex/oberdiek/epstopdf-base.sty
Package: epstopdf-base 2010/02/09 v2.5 Base part for package epstopdf

(/usr/share/texlive/texmf-dist/tex/latex/oberdiek/grfext.sty
Package: grfext 2010/08/19 v1.1 Manage graphics extensions (HO)
)
Package grfext Info: Graphics extension search list:
(grfext)             [.png,.pdf,.jpg,.mps,.jpeg,.jbig2,.jb2,.PNG,.PDF,.JPG,.JPE
G,.JBIG2,.JB2,.eps]
(grfext)             \AppendGraphicsExtensions on input line 452.

(/usr/share/texlive/texmf-dist/tex/latex/latexconfig/epstopdf-sys.cfg
File: epstopdf-sys.cfg 2010/07/13 v1.3 Configuration of (r)epstopdf for TeX Liv
e
))
*geometry* driver: auto-detecting
*geometry* detected driver: pdftex
*geometry* verbose mode - [ preamble ] result:
* driver: pdftex
* paper: <default>
* layout: <same size as paper>
* layoutoffset:(h,v)=(0.0pt,0.0pt)
* modes: 
* h-part:(L,W,R)=(92.14519pt, 430.00462pt, 92.14519pt)
* v-part:(T,H,B)=(95.39737pt, 556.47656pt, 143.09605pt)
* \paperwidth=614.295pt
* \paperheight=794.96999pt
* \textwidth=430.00462pt
* \textheight=556.47656pt
* \oddsidemargin=19.8752pt
* \evensidemargin=19.8752pt
* \topmargin=-13.87262pt
* \headheight=12.0pt
* \headsep=25.0pt
* \topskip=10.0pt
* \footskip=30.0pt
* \marginparwidth=65.0pt
* \marginparsep=11.0pt
* \columnsep=10.0pt
* \skip\footins=9.0pt plus 4.0pt minus 2.0pt
* \hoffset=0.0pt
* \voffset=0.0pt
* \mag=1000
* \@twocolumnfalse
* \@twosidefalse
* \@mparswitchfalse
* \@reversemarginfalse
* (1in=72.27pt=25.4mm, 1cm=28.453pt)

Package caption Info: Begin \AtBeginDocument code.
Package caption Info: hyperref package is loaded.
Package caption Info: End \AtBeginDocument code.
\AtBeginShipoutBox=\box34
Package hyperref Info: Link coloring OFF on input line 20.
(/usr/share/texlive/texmf-dist/tex/latex/hyperref/nameref.sty
Package: nameref 2012/10/27 v2.43 Cross-referencing by name of section

(/usr/share/texlive/texmf-dist/tex/generic/oberdiek/gettitlestring.sty
Package: gettitlestring 2010/12/03 v1.4 Cleanup title references (HO)
)
\c@section@level=\count133
)
LaTeX Info: Redefining \ref on input line 20.
LaTeX Info: Redefining \pageref on input line 20.
LaTeX Info: Redefining \nameref on input line 20.

(./report.out) (./report.out)
\@outlinefile=\write3
\openout3 = `report.out'.


(/usr/share/texlive/texmf-dist/tex/latex/listings/lstlang1.sty
File: lstlang1.sty 2015/06/04 1.6 listings language file
)
(./titlepage.tex [1

{/var/lib/texmf/fonts/map/pdftex/updmap/pdftex.map}])
(./report.tocpdfTeX warning (ext4): destination with the same identifier (name{
page.1}) has been already used, duplicate ignored
<to be read again> 
                   \relax 
l.35 ... {6.6}Possible faults}{26}{subsection.6.6}
                                                   [1])
\tf@toc=\write4
\openout4 = `report.toc'.

 [2]
Underfull \hbox (badness 10000) in paragraph at lines 65--67

 []

[3] [4]
Underfull \hbox (badness 10000) in paragraph at lines 145--145

 []

<../CIP_1/lift_to_drag_ratio_415.png, id=270, 429.2838pt x 338.7054pt>
File: ../CIP_1/lift_to_drag_ratio_415.png Graphic file (type png)

<use ../CIP_1/lift_to_drag_ratio_415.png>
Package pdftex.def Info: ../CIP_1/lift_to_drag_ratio_415.png used on input line
 159.
(pdftex.def)             Requested size: 215.0023pt x 169.63654pt.

<../CIP_1/lift_to_drag_ratio_421.png, id=271, 429.2838pt x 317.5062pt>
File: ../CIP_1/lift_to_drag_ratio_421.png Graphic file (type png)

<use ../CIP_1/lift_to_drag_ratio_421.png>
Package pdftex.def Info: ../CIP_1/lift_to_drag_ratio_421.png used on input line
 164.
(pdftex.def)             Requested size: 215.0023pt x 159.01915pt.

Overfull \hbox (2.2222pt too wide) in paragraph at lines 157--166
[]$[]$ $[]$ 
 []


Underfull \hbox (badness 10000) in paragraph at lines 174--189

 []

[5] [6 <../CIP_1/lift_to_drag_ratio_415.png (PNG copy)> <../CIP_1/lift_to_drag_
ratio_421.png (PNG copy)>]
<../CIP_2/Figures/blade_elements.png, id=290, 400.49625pt x 145.54375pt>
File: ../CIP_2/Figures/blade_elements.png Graphic file (type png)

<use ../CIP_2/Figures/blade_elements.png>
Package pdftex.def Info: ../CIP_2/Figures/blade_elements.png used on input line
 196.
(pdftex.def)             Requested size: 430.00462pt x 156.27658pt.

Underfull \hbox (badness 10000) in paragraph at lines 205--209

 []

[7 <../CIP_2/Figures/blade_elements.png>]
Overfull \hbox (31.94087pt too wide) in paragraph at lines 224--243
[][] 
 []


Overfull \hbox (31.94087pt too wide) in paragraph at lines 268--286
[][] 
 []

[8]
Overfull \hbox (23.69072pt too wide) in paragraph at lines 291--302
[][] 
 []

[9] [10] <../CIP_3/WT_Perf/Output/cp.png, id=329, 578.16pt x 433.62pt>
File: ../CIP_3/WT_Perf/Output/cp.png Graphic file (type png)

<use ../CIP_3/WT_Perf/Output/cp.png>
Package pdftex.def Info: ../CIP_3/WT_Perf/Output/cp.png used on input line 359.

(pdftex.def)             Requested size: 430.00462pt x 322.50143pt.
 [11]
<../CIP_3/WT_Perf/Output/thrust.png, id=355, 578.16pt x 433.62pt>
File: ../CIP_3/WT_Perf/Output/thrust.png Graphic file (type png)

<use ../CIP_3/WT_Perf/Output/thrust.png>
Package pdftex.def Info: ../CIP_3/WT_Perf/Output/thrust.png used on input line 
367.
(pdftex.def)             Requested size: 430.00462pt x 322.50143pt.
 [12 <../CIP_3/WT_Perf/Output/cp.png>]
<../CIP_3/WT_Perf/Output/torque.png, id=364, 578.16pt x 433.62pt>
File: ../CIP_3/WT_Perf/Output/torque.png Graphic file (type png)

<use ../CIP_3/WT_Perf/Output/torque.png>
Package pdftex.def Info: ../CIP_3/WT_Perf/Output/torque.png used on input line 
376.
(pdftex.def)             Requested size: 430.00462pt x 322.50143pt.
 [13 <../CIP_3/WT_Perf/Output/thrust.png>]
Underfull \hbox (badness 10000) in paragraph at lines 388--389

 []

[14 <../CIP_3/WT_Perf/Output/torque.png>]
<../CIP_3/WT_Perf/Output/validated_cp.png, id=380, 578.16pt x 433.62pt>
File: ../CIP_3/WT_Perf/Output/validated_cp.png Graphic file (type png)

<use ../CIP_3/WT_Perf/Output/validated_cp.png>
Package pdftex.def Info: ../CIP_3/WT_Perf/Output/validated_cp.png used on input
 line 408.
(pdftex.def)             Requested size: 430.00462pt x 322.50143pt.
 [15] [16 <../CIP_3/WT_Perf/Output/validated_cp.png>] [17]
Underfull \hbox (badness 10000) in paragraph at lines 449--450

 []


Underfull \hbox (badness 10000) in paragraph at lines 455--456

 []

LaTeX Font Info:    Try loading font information for OMS+cmr on input line 459.

(/usr/share/texlive/texmf-dist/tex/latex/base/omscmr.fd
File: omscmr.fd 2014/09/29 v2.5h Standard LaTeX font definitions
)
LaTeX Font Info:    Font shape `OMS/cmr/m/n' in size <8> not available
(Font)              Font shape `OMS/cmsy/m/n' tried instead on input line 459.

<../CIP_4/figures/eigenfrequency.jpg, id=397, 890.32625pt x 666.49pt>
File: ../CIP_4/figures/eigenfrequency.jpg Graphic file (type jpg)

<use ../CIP_4/figures/eigenfrequency.jpg>
Package pdftex.def Info: ../CIP_4/figures/eigenfrequency.jpg used on input line
 467.
(pdftex.def)             Requested size: 430.00462pt x 321.89467pt.
 [18]
Underfull \hbox (badness 10000) in paragraph at lines 473--474

 []


Underfull \hbox (badness 10000) in paragraph at lines 475--476

 []

[19 <../CIP_4/figures/eigenfrequency.jpg>]
<../CIP_4/figures/campbell.jpg, id=418, 878.28125pt x 658.46pt>
File: ../CIP_4/figures/campbell.jpg Graphic file (type jpg)

<use ../CIP_4/figures/campbell.jpg>
Package pdftex.def Info: ../CIP_4/figures/campbell.jpg used on input line 479.
(pdftex.def)             Requested size: 430.00462pt x 322.387pt.
 [20 <../CIP_4/figures/campbell.jpg>]
<../CIP_5/CIP_Tutorial_5_-_Windfield_and_wake_simulation/windspeed_vs_hours_yea
r.png, id=424, 421.575pt x 316.0608pt>
File: ../CIP_5/CIP_Tutorial_5_-_Windfield_and_wake_simulation/windspeed_vs_hour
s_year.png Graphic file (type png)

<use ../CIP_5/CIP_Tutorial_5_-_Windfield_and_wake_simulation/windspeed_vs_hours
_year.png>
Package pdftex.def Info: ../CIP_5/CIP_Tutorial_5_-_Windfield_and_wake_simulatio
n/windspeed_vs_hours_year.png used on input line 491.
(pdftex.def)             Requested size: 430.00462pt x 322.38739pt.
 [21 <../CIP_5/CIP_Tutorial_5_-_Windfield_and_wake_simulation/windspeed_vs_hour
s_year.png (PNG copy)>]
<../CIP_5/CIP_Tutorial_5_-_Windfield_and_wake_simulation/power_curve.png, id=43
2, 421.575pt x 316.0608pt>
File: ../CIP_5/CIP_Tutorial_5_-_Windfield_and_wake_simulation/power_curve.png G
raphic file (type png)

<use ../CIP_5/CIP_Tutorial_5_-_Windfield_and_wake_simulation/power_curve.png>
Package pdftex.def Info: ../CIP_5/CIP_Tutorial_5_-_Windfield_and_wake_simulatio
n/power_curve.png used on input line 506.
(pdftex.def)             Requested size: 430.00462pt x 322.38739pt.

<../CIP_5/CIP_Tutorial_5_-_Windfield_and_wake_simulation/energy_yield.png, id=4
36, 421.575pt x 316.0608pt>
File: ../CIP_5/CIP_Tutorial_5_-_Windfield_and_wake_simulation/energy_yield.png 
Graphic file (type png)

<use ../CIP_5/CIP_Tutorial_5_-_Windfield_and_wake_simulation/energy_yield.png>
Package pdftex.def Info: ../CIP_5/CIP_Tutorial_5_-_Windfield_and_wake_simulatio
n/energy_yield.png used on input line 515.
(pdftex.def)             Requested size: 430.00462pt x 322.38739pt.

[22 <../CIP_5/CIP_Tutorial_5_-_Windfield_and_wake_simulation/power_curve.png (P
NG copy)>] [23 <../CIP_5/CIP_Tutorial_5_-_Windfield_and_wake_simulation/energy_
yield.png (PNG copy)>]
<../CIP_5/CIP_Tutorial_5_-_Windfield_and_wake_simulation/TurbSim/wind_5ms.png, 
id=451, 413.8662pt x 314.6154pt>
File: ../CIP_5/CIP_Tutorial_5_-_Windfield_and_wake_simulation/TurbSim/wind_5ms.
png Graphic file (type png)

<use ../CIP_5/CIP_Tutorial_5_-_Windfield_and_wake_simulation/TurbSim/wind_5ms.p
ng>
Package pdftex.def Info: ../CIP_5/CIP_Tutorial_5_-_Windfield_and_wake_simulatio
n/TurbSim/wind_5ms.png used on input line 549.
(pdftex.def)             Requested size: 171.99922pt x 130.75017pt.

<../CIP_5/CIP_Tutorial_5_-_Windfield_and_wake_simulation/TurbSim/wind_10ms.png,
 id=452, 421.575pt x 316.0608pt>
File: ../CIP_5/CIP_Tutorial_5_-_Windfield_and_wake_simulation/TurbSim/wind_10ms
.png Graphic file (type png)

<use ../CIP_5/CIP_Tutorial_5_-_Windfield_and_wake_simulation/TurbSim/wind_10ms.
png>
Package pdftex.def Info: ../CIP_5/CIP_Tutorial_5_-_Windfield_and_wake_simulatio
n/TurbSim/wind_10ms.png used on input line 554.
(pdftex.def)             Requested size: 171.99922pt x 128.94917pt.

<../CIP_5/CIP_Tutorial_5_-_Windfield_and_wake_simulation/TurbSim/wind_15ms.png,
 id=453, 421.575pt x 316.0608pt>
File: ../CIP_5/CIP_Tutorial_5_-_Windfield_and_wake_simulation/TurbSim/wind_15ms
.png Graphic file (type png)

<use ../CIP_5/CIP_Tutorial_5_-_Windfield_and_wake_simulation/TurbSim/wind_15ms.
png>
Package pdftex.def Info: ../CIP_5/CIP_Tutorial_5_-_Windfield_and_wake_simulatio
n/TurbSim/wind_15ms.png used on input line 559.
(pdftex.def)             Requested size: 171.99922pt x 128.94917pt.

<../CIP_5/CIP_Tutorial_5_-_Windfield_and_wake_simulation/TurbSim/wind_25ms.png,
 id=454, 425.9112pt x 319.4334pt>
File: ../CIP_5/CIP_Tutorial_5_-_Windfield_and_wake_simulation/TurbSim/wind_25ms
.png Graphic file (type png)

<use ../CIP_5/CIP_Tutorial_5_-_Windfield_and_wake_simulation/TurbSim/wind_25ms.
png>
Package pdftex.def Info: ../CIP_5/CIP_Tutorial_5_-_Windfield_and_wake_simulatio
n/TurbSim/wind_25ms.png used on input line 564.
(pdftex.def)             Requested size: 171.99922pt x 128.99937pt.
 [24 <../CIP_5/CIP_Tutorial_5_-_Windfield_and_wake_simulation/TurbSim/wind_5ms.
png (PNG copy)> <../CIP_5/CIP_Tutorial_5_-_Windfield_and_wake_simulation/TurbSi
m/wind_10ms.png (PNG copy)> <../CIP_5/CIP_Tutorial_5_-_Windfield_and_wake_simul
ation/TurbSim/wind_15ms.png (PNG copy)> <../CIP_5/CIP_Tutorial_5_-_Windfield_an
d_wake_simulation/TurbSim/wind_25ms.png (PNG copy)>]
<../CIP_5/CIP_Tutorial_5_-_Windfield_and_wake_simulation/wake_effects_5.png, id
=463, 421.575pt x 316.0608pt>
File: ../CIP_5/CIP_Tutorial_5_-_Windfield_and_wake_simulation/wake_effects_5.pn
g Graphic file (type png)

<use ../CIP_5/CIP_Tutorial_5_-_Windfield_and_wake_simulation/wake_effects_5.png
>
Package pdftex.def Info: ../CIP_5/CIP_Tutorial_5_-_Windfield_and_wake_simulatio
n/wake_effects_5.png used on input line 599.
(pdftex.def)             Requested size: 215.0023pt x 161.1937pt.
File: ../CIP_5/CIP_Tutorial_5_-_Windfield_and_wake_simulation/TurbSim/wind_5ms.
png Graphic file (type png)

<use ../CIP_5/CIP_Tutorial_5_-_Windfield_and_wake_simulation/TurbSim/wind_5ms.p
ng>
Package pdftex.def Info: ../CIP_5/CIP_Tutorial_5_-_Windfield_and_wake_simulatio
n/TurbSim/wind_5ms.png used on input line 610.
(pdftex.def)             Requested size: 215.0023pt x 163.44252pt.

<../CIP_5/CIP_Tutorial_5_-_Windfield_and_wake_simulation/TurbSim/wind_wake_4_5m
s.png, id=465, 421.575pt x 316.0608pt>
File: ../CIP_5/CIP_Tutorial_5_-_Windfield_and_wake_simulation/TurbSim/wind_wake
_4_5ms.png Graphic file (type png)

<use ../CIP_5/CIP_Tutorial_5_-_Windfield_and_wake_simulation/TurbSim/wind_wake_
4_5ms.png>
Package pdftex.def Info: ../CIP_5/CIP_Tutorial_5_-_Windfield_and_wake_simulatio
n/TurbSim/wind_wake_4_5ms.png used on input line 615.
(pdftex.def)             Requested size: 215.0023pt x 161.1937pt.

Overfull \hbox (2.2222pt too wide) in paragraph at lines 608--618
[]$[]$ $[]$ 
 []

[25 <../CIP_5/CIP_Tutorial_5_-_Windfield_and_wake_simulation/wake_effects_5.png
 (PNG copy)>]

LaTeX Warning: File `../CIP_6/FAST/Plots_ws5/TwrBsMxt.png' not found on input l
ine 636.


! Package pdftex.def Error: File `../CIP_6/FAST/Plots_ws5/TwrBsMxt.png' not fou
nd.

See the pdftex.def package documentation for explanation.
Type  H <return>  for immediate help.
 ...                                              
                                                  
l.636 ...th]{../CIP_6/FAST/Plots_ws5/TwrBsMxt.png}
                                                  
Using draft setting for this image.
Try typing  <return>  to proceed.
If that doesn't work, type  X <return>  to quit.


LaTeX Warning: File `../CIP_6/FAST/Plots_ws10/TwrBsMxt.png' not found on input 
line 640.


! Package pdftex.def Error: File `../CIP_6/FAST/Plots_ws10/TwrBsMxt.png' not fo
und.

See the pdftex.def package documentation for explanation.
Type  H <return>  for immediate help.
 ...                                              
                                                  
l.640 ...h]{../CIP_6/FAST/Plots_ws10/TwrBsMxt.png}
                                                  
Using draft setting for this image.
Try typing  <return>  to proceed.
If that doesn't work, type  X <return>  to quit.


LaTeX Warning: File `../CIP_6/FAST/Plots_ws15/TwrBsMxt.png' not found on input 
line 644.


! Package pdftex.def Error: File `../CIP_6/FAST/Plots_ws15/TwrBsMxt.png' not fo
und.

See the pdftex.def package documentation for explanation.
Type  H <return>  for immediate help.
 ...                                              
                                                  
l.644 ...h]{../CIP_6/FAST/Plots_ws15/TwrBsMxt.png}
                                                  
Using draft setting for this image.
Try typing  <return>  to proceed.
If that doesn't work, type  X <return>  to quit.


LaTeX Warning: File `../CIP_6/FAST/Plots_ws25/TwrBsMxt.png' not found on input 
line 648.


! Package pdftex.def Error: File `../CIP_6/FAST/Plots_ws25/TwrBsMxt.png' not fo
und.

See the pdftex.def package documentation for explanation.
Type  H <return>  for immediate help.
 ...                                              
                                                  
l.648 ...h]{../CIP_6/FAST/Plots_ws25/TwrBsMxt.png}
                                                  
Using draft setting for this image.
Try typing  <return>  to proceed.
If that doesn't work, type  X <return>  to quit.

[26 <../CIP_5/CIP_Tutorial_5_-_Windfield_and_wake_simulation/TurbSim/wind_wake_
4_5ms.png (PNG copy)>]

LaTeX Warning: File `../CIP_6/FAST/Plots_ws5/TwrBsMyt.png' not found on input l
ine 660.


! Package pdftex.def Error: File `../CIP_6/FAST/Plots_ws5/TwrBsMyt.png' not fou
nd.

See the pdftex.def package documentation for explanation.
Type  H <return>  for immediate help.
 ...                                              
                                                  
l.660 ...th]{../CIP_6/FAST/Plots_ws5/TwrBsMyt.png}
                                                  
Using draft setting for this image.
Try typing  <return>  to proceed.
If that doesn't work, type  X <return>  to quit.


LaTeX Warning: File `../CIP_6/FAST/Plots_ws10/TwrBsMyt.png' not found on input 
line 664.


! Package pdftex.def Error: File `../CIP_6/FAST/Plots_ws10/TwrBsMyt.png' not fo
und.

See the pdftex.def package documentation for explanation.
Type  H <return>  for immediate help.
 ...                                              
                                                  
l.664 ...h]{../CIP_6/FAST/Plots_ws10/TwrBsMyt.png}
                                                  
Using draft setting for this image.
Try typing  <return>  to proceed.
If that doesn't work, type  X <return>  to quit.


LaTeX Warning: File `../CIP_6/FAST/Plots_ws15/TwrBsMyt.png' not found on input 
line 668.


! Package pdftex.def Error: File `../CIP_6/FAST/Plots_ws15/TwrBsMyt.png' not fo
und.

See the pdftex.def package documentation for explanation.
Type  H <return>  for immediate help.
 ...                                              
                                                  
l.668 ...h]{../CIP_6/FAST/Plots_ws15/TwrBsMyt.png}
                                                  
Using draft setting for this image.
Try typing  <return>  to proceed.
If that doesn't work, type  X <return>  to quit.


LaTeX Warning: File `../CIP_6/FAST/Plots_ws25/TwrBsMyt.png' not found on input 
line 672.


! Package pdftex.def Error: File `../CIP_6/FAST/Plots_ws25/TwrBsMyt.png' not fo
und.

See the pdftex.def package documentation for explanation.
Type  H <return>  for immediate help.
 ...                                              
                                                  
l.672 ...h]{../CIP_6/FAST/Plots_ws25/TwrBsMyt.png}
                                                  
Using draft setting for this image.
Try typing  <return>  to proceed.
If that doesn't work, type  X <return>  to quit.

[27]

LaTeX Warning: File `../CIP_6/FAST/Plots_ws5/RootMFlp2.png' not found on input 
line 684.


! Package pdftex.def Error: File `../CIP_6/FAST/Plots_ws5/RootMFlp2.png' not fo
und.

See the pdftex.def package documentation for explanation.
Type  H <return>  for immediate help.
 ...                                              
                                                  
l.684 ...h]{../CIP_6/FAST/Plots_ws5/RootMFlp2.png}
                                                  
Using draft setting for this image.
Try typing  <return>  to proceed.
If that doesn't work, type  X <return>  to quit.


LaTeX Warning: File `../CIP_6/FAST/Plots_ws10/RootMFlp2.png' not found on input
 line 688.


! Package pdftex.def Error: File `../CIP_6/FAST/Plots_ws10/RootMFlp2.png' not f
ound.

See the pdftex.def package documentation for explanation.
Type  H <return>  for immediate help.
 ...                                              
                                                  
l.688 ...]{../CIP_6/FAST/Plots_ws10/RootMFlp2.png}
                                                  
Using draft setting for this image.
Try typing  <return>  to proceed.
If that doesn't work, type  X <return>  to quit.


LaTeX Warning: File `../CIP_6/FAST/Plots_ws15/RootMFlp2.png' not found on input
 line 692.


! Package pdftex.def Error: File `../CIP_6/FAST/Plots_ws15/RootMFlp2.png' not f
ound.

See the pdftex.def package documentation for explanation.
Type  H <return>  for immediate help.
 ...                                              
                                                  
l.692 ...]{../CIP_6/FAST/Plots_ws15/RootMFlp2.png}
                                                  
Using draft setting for this image.
Try typing  <return>  to proceed.
If that doesn't work, type  X <return>  to quit.


LaTeX Warning: File `../CIP_6/FAST/Plots_ws25/RootMFlp2.png' not found on input
 line 696.


! Package pdftex.def Error: File `../CIP_6/FAST/Plots_ws25/RootMFlp2.png' not f
ound.

See the pdftex.def package documentation for explanation.
Type  H <return>  for immediate help.
 ...                                              
                                                  
l.696 ...]{../CIP_6/FAST/Plots_ws25/RootMFlp2.png}
                                                  
Using draft setting for this image.
Try typing  <return>  to proceed.
If that doesn't work, type  X <return>  to quit.

[28]

LaTeX Warning: File `../CIP_6/FAST/Plots_ws5/RootMedg2.png' not found on input 
line 708.


! Package pdftex.def Error: File `../CIP_6/FAST/Plots_ws5/RootMedg2.png' not fo
und.

See the pdftex.def package documentation for explanation.
Type  H <return>  for immediate help.
 ...                                              
                                                  
l.708 ...h]{../CIP_6/FAST/Plots_ws5/RootMedg2.png}
                                                  
Using draft setting for this image.
Try typing  <return>  to proceed.
If that doesn't work, type  X <return>  to quit.


LaTeX Warning: File `../CIP_6/FAST/Plots_ws10/RootMedg2.png' not found on input
 line 712.


! Package pdftex.def Error: File `../CIP_6/FAST/Plots_ws10/RootMedg2.png' not f
ound.

See the pdftex.def package documentation for explanation.
Type  H <return>  for immediate help.
 ...                                              
                                                  
l.712 ...]{../CIP_6/FAST/Plots_ws10/RootMedg2.png}
                                                  
Using draft setting for this image.
Try typing  <return>  to proceed.
If that doesn't work, type  X <return>  to quit.


LaTeX Warning: File `../CIP_6/FAST/Plots_ws15/RootMedg2.png' not found on input
 line 716.


! Package pdftex.def Error: File `../CIP_6/FAST/Plots_ws15/RootMedg2.png' not f
ound.

See the pdftex.def package documentation for explanation.
Type  H <return>  for immediate help.
 ...                                              
                                                  
l.716 ...]{../CIP_6/FAST/Plots_ws15/RootMedg2.png}
                                                  
Using draft setting for this image.
Try typing  <return>  to proceed.
If that doesn't work, type  X <return>  to quit.


LaTeX Warning: File `../CIP_6/FAST/Plots_ws25/RootMedg2.png' not found on input
 line 720.


! Package pdftex.def Error: File `../CIP_6/FAST/Plots_ws25/RootMedg2.png' not f
ound.

See the pdftex.def package documentation for explanation.
Type  H <return>  for immediate help.
 ...                                              
                                                  
l.720 ...]{../CIP_6/FAST/Plots_ws25/RootMedg2.png}
                                                  
Using draft setting for this image.
Try typing  <return>  to proceed.
If that doesn't work, type  X <return>  to quit.

[29]
Overfull \hbox (84.20546pt too wide) in paragraph at lines 754--769
[][] 
 []

[30] <figures/delsTwrSide.png, id=509, 482.80376pt x 290.08376pt>
File: figures/delsTwrSide.png Graphic file (type png)

<use figures/delsTwrSide.png>
Package pdftex.def Info: figures/delsTwrSide.png used on input line 780.
(pdftex.def)             Requested size: 171.99922pt x 103.34119pt.

<figures/delsTwrFore.png, id=510, 482.80376pt x 290.08376pt>
File: figures/delsTwrFore.png Graphic file (type png)

<use figures/delsTwrFore.png>
Package pdftex.def Info: figures/delsTwrFore.png used on input line 783.
(pdftex.def)             Requested size: 171.99922pt x 103.34119pt.

<figures/delsBldEdge.png, id=511, 481.8pt x 289.08pt>
File: figures/delsBldEdge.png Graphic file (type png)

<use figures/delsBldEdge.png>
Package pdftex.def Info: figures/delsBldEdge.png used on input line 786.
(pdftex.def)             Requested size: 171.99922pt x 103.19974pt.

<figures/delsBldFlap.png, id=512, 481.8pt x 289.08pt>
File: figures/delsBldFlap.png Graphic file (type png)

<use figures/delsBldFlap.png>
Package pdftex.def Info: figures/delsBldFlap.png used on input line 789.
(pdftex.def)             Requested size: 171.99922pt x 103.19974pt.
 [31] [32 <./figures/delsTwrSide.png> <./figures/delsTwrFore.png> <./figures/de
lsBldEdge.png> <./figures/delsBldFlap.png>]
<../CIP_6/FAST/PSD_plots/PSD_ws5_wake8_BladeFlap.png, id=530, 421.575pt x 316.1
8124pt>
File: ../CIP_6/FAST/PSD_plots/PSD_ws5_wake8_BladeFlap.png Graphic file (type pn
g)
 <use ../CIP_6/FAST/PSD_plots/PSD_ws5_wake8_BladeFlap.png>
Package pdftex.def Info: ../CIP_6/FAST/PSD_plots/PSD_ws5_wake8_BladeFlap.png us
ed on input line 847.
(pdftex.def)             Requested size: 171.99922pt x 128.9983pt.

<../CIP_6/FAST/PSD_plots/PSD_ws25_wake8_BladeFlap.png, id=531, 421.575pt x 316.
18124pt>
File: ../CIP_6/FAST/PSD_plots/PSD_ws25_wake8_BladeFlap.png Graphic file (type p
ng)
 <use ../CIP_6/FAST/PSD_plots/PSD_ws25_wake8_BladeFlap.png>
Package pdftex.def Info: ../CIP_6/FAST/PSD_plots/PSD_ws25_wake8_BladeFlap.png u
sed on input line 851.
(pdftex.def)             Requested size: 171.99922pt x 128.9983pt.

<../CIP_6/FAST/PSD_plots/PSD_ws5_wake8_TowerFore.png, id=532, 421.575pt x 316.1
8124pt>
File: ../CIP_6/FAST/PSD_plots/PSD_ws5_wake8_TowerFore.png Graphic file (type pn
g)
 <use ../CIP_6/FAST/PSD_plots/PSD_ws5_wake8_TowerFore.png>
Package pdftex.def Info: ../CIP_6/FAST/PSD_plots/PSD_ws5_wake8_TowerFore.png us
ed on input line 855.
(pdftex.def)             Requested size: 171.99922pt x 128.9983pt.

<../CIP_6/FAST/PSD_plots/PSD_ws25_wake8_TowerFore.png, id=533, 421.575pt x 316.
18124pt>
File: ../CIP_6/FAST/PSD_plots/PSD_ws25_wake8_TowerFore.png Graphic file (type p
ng)
 <use ../CIP_6/FAST/PSD_plots/PSD_ws25_wake8_TowerFore.png>
Package pdftex.def Info: ../CIP_6/FAST/PSD_plots/PSD_ws25_wake8_TowerFore.png u
sed on input line 859.
(pdftex.def)             Requested size: 171.99922pt x 128.9983pt.
LaTeX Font Info:    Font shape `OMS/cmr/m/n' in size <10> not available
(Font)              Font shape `OMS/cmsy/m/n' tried instead on input line 870.
 [33 <../CIP_6/FAST/PSD_plots/PSD_ws5_wake8_BladeFlap.png (PNG copy)> <../CIP_6
/FAST/PSD_plots/PSD_ws25_wake8_BladeFlap.png (PNG copy)> <../CIP_6/FAST/PSD_plo
ts/PSD_ws5_wake8_TowerFore.png (PNG copy)> <../CIP_6/FAST/PSD_plots/PSD_ws25_wa
ke8_TowerFore.png (PNG copy)>]
Underfull \hbox (badness 10000) in paragraph at lines 883--886

 []

[34]
<../CIP_6/FASTextreme/EOG_50/TwrBsMyt.png, id=543, 425.9112pt x 319.4334pt>
File: ../CIP_6/FASTextreme/EOG_50/TwrBsMyt.png Graphic file (type png)

<use ../CIP_6/FASTextreme/EOG_50/TwrBsMyt.png>
Package pdftex.def Info: ../CIP_6/FASTextreme/EOG_50/TwrBsMyt.png used on input
 line 892.
(pdftex.def)             Requested size: 171.99922pt x 128.99937pt.

<../CIP_6/FASTextreme/EOG_50/RootMFlp2.png, id=544, 425.9112pt x 319.4334pt>
File: ../CIP_6/FASTextreme/EOG_50/RootMFlp2.png Graphic file (type png)

<use ../CIP_6/FASTextreme/EOG_50/RootMFlp2.png>
Package pdftex.def Info: ../CIP_6/FASTextreme/EOG_50/RootMFlp2.png used on inpu
t line 896.
(pdftex.def)             Requested size: 171.99922pt x 128.99937pt.

<../CIP_6/FASTextreme/EOG_50/BldPitch2.png, id=547, 425.9112pt x 319.4334pt>
File: ../CIP_6/FASTextreme/EOG_50/BldPitch2.png Graphic file (type png)

<use ../CIP_6/FASTextreme/EOG_50/BldPitch2.png>
Package pdftex.def Info: ../CIP_6/FASTextreme/EOG_50/BldPitch2.png used on inpu
t line 906.
(pdftex.def)             Requested size: 171.99922pt x 128.99937pt.

<../CIP_6/FASTextreme/EWSVR/TwrBsMyt.png, id=549, 425.9112pt x 319.4334pt>
File: ../CIP_6/FASTextreme/EWSVR/TwrBsMyt.png Graphic file (type png)

<use ../CIP_6/FASTextreme/EWSVR/TwrBsMyt.png>
Package pdftex.def Info: ../CIP_6/FASTextreme/EWSVR/TwrBsMyt.png used on input 
line 917.
(pdftex.def)             Requested size: 171.99922pt x 128.99937pt.

<../CIP_6/FASTextreme/EWSVR/RootMFlp2.png, id=550, 425.9112pt x 319.4334pt>
File: ../CIP_6/FASTextreme/EWSVR/RootMFlp2.png Graphic file (type png)

<use ../CIP_6/FASTextreme/EWSVR/RootMFlp2.png>
Package pdftex.def Info: ../CIP_6/FASTextreme/EWSVR/RootMFlp2.png used on input
 line 921.
(pdftex.def)             Requested size: 171.99922pt x 128.99937pt.
 [35 <../CIP_6/FASTextreme/EOG_50/TwrBsMyt.png (PNG copy)> <../CIP_6/FASTextrem
e/EOG_50/RootMFlp2.png (PNG copy)> <../CIP_6/FASTextreme/EOG_50/BldPitch2.png (
PNG copy)>]
Underfull \hbox (badness 10000) in paragraph at lines 928--929

 []


<../CIP_6/FASTextreme/EOG_50_brake/TwrBsMyt.png, id=559, 425.9112pt x 319.4334p
t>
File: ../CIP_6/FASTextreme/EOG_50_brake/TwrBsMyt.png Graphic file (type png)
 <use ../CIP_6/FASTextreme/EOG_50_brake/TwrBsMyt.png>
Package pdftex.def Info: ../CIP_6/FASTextreme/EOG_50_brake/TwrBsMyt.png used on
 input line 937.
(pdftex.def)             Requested size: 171.99922pt x 128.99937pt.

<../CIP_6/FASTextreme/EOG_50_brake/RootMFlp2.png, id=560, 425.9112pt x 319.4334
pt>
File: ../CIP_6/FASTextreme/EOG_50_brake/RootMFlp2.png Graphic file (type png)
 <use ../CIP_6/FASTextreme/EOG_50_brake/RootMFlp2.png>
Package pdftex.def Info: ../CIP_6/FASTextreme/EOG_50_brake/RootMFlp2.png used o
n input line 941.
(pdftex.def)             Requested size: 171.99922pt x 128.99937pt.
 [36 <../CIP_6/FASTextreme/EWSVR/TwrBsMyt.png (PNG copy)> <../CIP_6/FASTextreme
/EWSVR/RootMFlp2.png (PNG copy)>]
<../CIP_6/FASTextreme/EOG_50_failtime/TwrBsMyt.png, id=570, 425.9112pt x 319.43
34pt>
File: ../CIP_6/FASTextreme/EOG_50_failtime/TwrBsMyt.png Graphic file (type png)

 <use ../CIP_6/FASTextreme/EOG_50_failtime/TwrBsMyt.png>
Package pdftex.def Info: ../CIP_6/FASTextreme/EOG_50_failtime/TwrBsMyt.png used
 on input line 953.
(pdftex.def)             Requested size: 171.99922pt x 128.99937pt.

<../CIP_6/FASTextreme/EOG_50_failtime/RootMFlp2.png, id=571, 425.9112pt x 319.4
334pt>
File: ../CIP_6/FASTextreme/EOG_50_failtime/RootMFlp2.png Graphic file (type png
)
 <use ../CIP_6/FASTextreme/EOG_50_failtime/RootMFlp2.png>
Package pdftex.def Info: ../CIP_6/FASTextreme/EOG_50_failtime/RootMFlp2.png use
d on input line 957.
(pdftex.def)             Requested size: 171.99922pt x 128.99937pt.

Overfull \hbox (19.72977pt too wide) in paragraph at lines 969--997
 [][] 
 []

[37 <../CIP_6/FASTextreme/EOG_50_brake/TwrBsMyt.png (PNG copy)> <../CIP_6/FASTe
xtreme/EOG_50_brake/RootMFlp2.png (PNG copy)> <../CIP_6/FASTextreme/EOG_50_fail
time/TwrBsMyt.png (PNG copy)> <../CIP_6/FASTextreme/EOG_50_failtime/RootMFlp2.p
ng (PNG copy)>] [38]
Package atveryend Info: Empty hook `BeforeClearDocument' on input line 1010.
 [39]
Package atveryend Info: Empty hook `AfterLastShipout' on input line 1010.
 (./report.aux)
Package atveryend Info: Executing hook `AtVeryEndDocument' on input line 1010.
Package atveryend Info: Executing hook `AtEndAfterFileList' on input line 1010.

Package rerunfilecheck Info: File `report.out' has not changed.
(rerunfilecheck)             Checksum: 0D0A4301D00A8F2A9F7B7B03B37D7A84;3190.
Package atveryend Info: Empty hook `AtVeryVeryEnd' on input line 1010.
 ) 
Here is how much of TeX's memory you used:
 10771 strings out of 493085
 159773 string characters out of 6136917
 398444 words of memory out of 5000000
 13906 multiletter control sequences out of 15000+600000
 12703 words of font info for 46 fonts, out of 8000000 for 9000
 1141 hyphenation exceptions out of 8191
 42i,11n,40p,1173b,1689s stack positions out of 5000i,500n,10000p,200000b,80000s
</usr/share/texlive/texmf-dist/fonts/type1/public/amsfonts/cm/cmbx10.pfb></us
r/share/texlive/texmf-dist/fonts/type1/public/amsfonts/cm/cmbx12.pfb></usr/shar
e/texlive/texmf-dist/fonts/type1/public/amsfonts/cm/cmcsc10.pfb></usr/share/tex
live/texmf-dist/fonts/type1/public/amsfonts/cm/cmex10.pfb></usr/share/texlive/t
exmf-dist/fonts/type1/public/amsfonts/cm/cmmi10.pfb></usr/share/texlive/texmf-d
ist/fonts/type1/public/amsfonts/cm/cmmi5.pfb></usr/share/texlive/texmf-dist/fon
ts/type1/public/amsfonts/cm/cmmi7.pfb></usr/share/texlive/texmf-dist/fonts/type
1/public/amsfonts/cm/cmmi9.pfb></usr/share/texlive/texmf-dist/fonts/type1/publi
c/amsfonts/cm/cmr10.pfb></usr/share/texlive/texmf-dist/fonts/type1/public/amsfo
nts/cm/cmr12.pfb></usr/share/texlive/texmf-dist/fonts/type1/public/amsfonts/cm/
cmr5.pfb></usr/share/texlive/texmf-dist/fonts/type1/public/amsfonts/cm/cmr6.pfb
></usr/share/texlive/texmf-dist/fonts/type1/public/amsfonts/cm/cmr7.pfb></usr/s
hare/texlive/texmf-dist/fonts/type1/public/amsfonts/cm/cmr8.pfb></usr/share/tex
live/texmf-dist/fonts/type1/public/amsfonts/cm/cmr9.pfb></usr/share/texlive/tex
mf-dist/fonts/type1/public/amsfonts/cm/cmsy10.pfb></usr/share/texlive/texmf-dis
t/fonts/type1/public/amsfonts/cm/cmsy7.pfb></usr/share/texlive/texmf-dist/fonts
/type1/public/amsfonts/cm/cmsy8.pfb></usr/share/texlive/texmf-dist/fonts/type1/
public/amsfonts/cm/cmsy9.pfb></usr/share/texlive/texmf-dist/fonts/type1/public/
amsfonts/cm/cmti12.pfb></usr/share/texlive/texmf-dist/fonts/type1/public/amsfon
ts/cm/cmtt10.pfb></usr/share/texlive/texmf-dist/fonts/type1/public/eurosym/feym
r10.pfb>
Output written on report.pdf (40 pages, 2120948 bytes).
PDF statistics:
 695 PDF objects out of 1000 (max. 8388607)
 581 compressed objects within 6 object streams
 170 named destinations out of 1000 (max. 500000)
 536 words of extra memory for PDF output out of 10000 (max. 10000000)

