This is pdfTeX, Version 3.1415926-2.5-1.40.14 (TeX Live 2013/Debian) (format=pdflatex 2015.6.24)  7 OCT 2015 15:39
entering extended mode
 restricted \write18 enabled.
 %&-line parsing enabled.
**titlepage.tex
(./titlepage.tex
LaTeX2e <2011/06/27>
Babel <3.9h> and hyphenation patterns for 78 languages loaded.

! LaTeX Error: Environment titlepage undefined.

See the LaTeX manual or LaTeX Companion for explanation.
Type  H <return>  for immediate help.
 ...                                              
                                                  
l.1 \begin{titlepage}
                     
Your command was ignored.
Type  I <command> <return>  to replace it with another command,
or  <return>  to continue without it.


! LaTeX Error: Missing \begin{document}.

See the LaTeX manual or LaTeX Companion for explanation.
Type  H <return>  for immediate help.
 ...                                              
                                                  
l.2 \begin{center}
                  
You're in trouble here.  Try typing  <return>  to proceed.
If that doesn't work, type  X <return>  to quit.


Overfull \hbox (20.0pt too wide) in paragraph at lines 2--2
[] 
 []

! Undefined control sequence.
<recently read> \LARGE 
                       
l.6 \textsc{\LARGE University of Oldenburg}
                                           \\[1.5cm]
The control sequence at the end of the top line
of your error message was never \def'ed. If you have
misspelled it (e.g., `\hobx'), type `I' and the correct
spelling (e.g., `I\hbox'). Otherwise just continue,
and I'll forget about whatever was undefined.


Overfull \hbox (54.67194pt too wide) in paragraph at lines 6--6
 \OT1/cmr/m/sc/10 University 
 []


Overfull \hbox (11.71107pt too wide) in paragraph at lines 6--6
 \OT1/cmr/m/sc/10 of 
 []


Overfull \hbox (23.59984pt too wide) in paragraph at lines 6--6
 \OT1/cmr/m/sc/10 Old- 
 []


Overfull \hbox (15.4888pt too wide) in paragraph at lines 6--6
 \OT1/cmr/m/sc/10 en- 
 []


Overfull \hbox (24.14435pt too wide) in paragraph at lines 6--6
 \OT1/cmr/m/sc/10 burg 
 []

! Undefined control sequence.
<recently read> \Large 
                       
l.8 \textsc{\Large Computerorientierte Physik}
                                              \\[0.5cm]
The control sequence at the end of the top line
of your error message was never \def'ed. If you have
misspelled it (e.g., `\hobx'), type `I' and the correct
spelling (e.g., `I\hbox'). Otherwise just continue,
and I'll forget about whatever was undefined.


Overfull \hbox (109.14938pt too wide) in paragraph at lines 8--8
 []\OT1/cmr/m/sc/10 Computerorientierte 
 []


Overfull \hbox (33.6387pt too wide) in paragraph at lines 8--8
 \OT1/cmr/m/sc/10 Physik 
 []

! Undefined control sequence.
l.14 { \huge
             \bfseries Verteilung ver k√ºrzesten Pfade in skalenfreien Graph...
The control sequence at the end of the top line
of your error message was never \def'ed. If you have
misspelled it (e.g., `\hobx'), type `I' and the correct
spelling (e.g., `I\hbox'). Otherwise just continue,
and I'll forget about whatever was undefined.

Missing character: There is no √ in font cmbx10!
Missing character: There is no º in font cmbx10!

Overfull \hbox (52.40253pt too wide) in paragraph at lines 14--14
 []\OT1/cmr/bx/n/10 Verteilung 
 []


Overfull \hbox (15.75688pt too wide) in paragraph at lines 14--14
 \OT1/cmr/bx/n/10 ver 
 []


Overfull \hbox (41.85535pt too wide) in paragraph at lines 14--14
 \OT1/cmr/bx/n/10 krzesten 
 []


Overfull \hbox (28.62483pt too wide) in paragraph at lines 14--14
 \OT1/cmr/bx/n/10 Pfade 
 []


Overfull \hbox (9.58328pt too wide) in paragraph at lines 14--14
 \OT1/cmr/bx/n/10 in 
 []


Overfull \hbox (34.24423pt too wide) in paragraph at lines 14--14
 \OT1/cmr/bx/n/10 skalen- 
 []


Overfull \hbox (28.37488pt too wide) in paragraph at lines 14--14
 \OT1/cmr/bx/n/10 freien 
 []


Overfull \hbox (43.80531pt too wide) in paragraph at lines 14--14
 \OT1/cmr/bx/n/10 Graphen 
 []

! Undefined control sequence.
l.20 \begin{flushleft} \large
                             
The control sequence at the end of the top line
of your error message was never \def'ed. If you have
misspelled it (e.g., `\hobx'), type `I' and the correct
spelling (e.g., `I\hbox'). Otherwise just continue,
and I'll forget about whatever was undefined.

Missing character: There is no J in font nullfont!
Missing character: There is no a in font nullfont!
Missing character: There is no n in font nullfont!
Missing character: There is no F in font nullfont!
Missing character: There is no l in font nullfont!
Missing character: There is no o in font nullfont!
Missing character: There is no r in font nullfont!
Missing character: There is no i in font nullfont!
Missing character: There is no a in font nullfont!
Missing character: There is no n in font nullfont!
LaTeX Font Info:    External font `cmex10' loaded for size
(Font)              <7> on input line 25.
LaTeX Font Info:    External font `cmex10' loaded for size
(Font)              <5> on input line 25.
! Undefined control sequence.
l.28 \begin{flushright} \large
                              
The control sequence at the end of the top line
of your error message was never \def'ed. If you have
misspelled it (e.g., `\hobx'), type `I' and the correct
spelling (e.g., `I\hbox'). Otherwise just continue,
and I'll forget about whatever was undefined.

Missing character: There is no A in font nullfont!
Missing character: There is no l in font nullfont!
Missing character: There is no e in font nullfont!
Missing character: There is no x in font nullfont!
Missing character: There is no a in font nullfont!
Missing character: There is no n in font nullfont!
Missing character: There is no d in font nullfont!
Missing character: There is no e in font nullfont!
Missing character: There is no r in font nullfont!

Overfull \hbox (3276.74998pt too wide) in paragraph at lines 19--33
 []$[]$ 
 []


Overfull \hbox (3276.74998pt too wide) in paragraph at lines 19--33
 []$ 
 []

! Undefined control sequence.
l.39 {\large
             \today}
The control sequence at the end of the top line
of your error message was never \def'ed. If you have
misspelled it (e.g., `\hobx'), type `I' and the correct
spelling (e.g., `I\hbox'). Otherwise just continue,
and I'll forget about whatever was undefined.

! Undefined control sequence.
l.39 {\large \today
                   }
The control sequence at the end of the top line
of your error message was never \def'ed. If you have
misspelled it (e.g., `\hobx'), type `I' and the correct
spelling (e.g., `I\hbox'). Otherwise just continue,
and I'll forget about whatever was undefined.


! LaTeX Error: \begin{document} ended by \end{titlepage}.

See the LaTeX manual or LaTeX Companion for explanation.
Type  H <return>  for immediate help.
 ...                                              
                                                  
l.43 \end{titlepage}
                    
Your command was ignored.
Type  I <command> <return>  to replace it with another command,
or  <return>  to continue without it.

)
! Emergency stop.
<*> titlepage.tex
                 
*** (job aborted, no legal \end found)

 
Here is how much of TeX's memory you used:
 21 strings out of 493304
 289 string characters out of 6139871
 52880 words of memory out of 5000000
 3577 multiletter control sequences out of 15000+600000
 4595 words of font info for 17 fonts, out of 8000000 for 9000
 957 hyphenation exceptions out of 8191
 20i,3n,18p,115b,232s stack positions out of 5000i,500n,10000p,200000b,80000s
!  ==> Fatal error occurred, no output PDF file produced!
